<?xml version="1.0" encoding="UTF-8"?>
<testng-results ignored="0" total="1" passed="1" failed="0" skipped="0">
  <reporter-output>
  </reporter-output>
  <suite started-at="2022-11-04T14:53:09 IST" name="Default suite" finished-at="2022-11-04T14:53:11 IST" duration-ms="2812">
    <groups>
    </groups>
    <test started-at="2022-11-04T14:53:09 IST" name="Default test" finished-at="2022-11-04T14:53:11 IST" duration-ms="2812">
      <class name="AllMethods.GetRequestForSingleData">
        <test-method signature="GetRequestTest()[pri:0, instance:AllMethods.GetRequestForSingleData@1f3f4916]" started-at="2022-11-04T14:53:09 IST" name="GetRequestTest" finished-at="2022-11-04T14:53:11 IST" duration-ms="2750" status="PASS">
          <reporter-output>
          </reporter-output>
        </test-method> <!-- GetRequestTest -->
      </class> <!-- AllMethods.GetRequestForSingleData -->
    </test> <!-- Default test -->
  </suite> <!-- Default suite -->
</testng-results>
